<?xml version="1.0" encoding="UTF-8"?>
<testsuite xmlns:xsi="http://www.w3.org/2001/XMLSchema-instance" xsi:noNamespaceSchemaLocation="https://maven.apache.org/surefire/maven-surefire-plugin/xsd/surefire-test-report.xsd" name="oc.batch.nicolas.AppTest" time="0.057" tests="1" errors="0" skipped="0" failures="0">
  <properties>
    <property name="sun.desktop" value="windows"/>
    <property name="awt.toolkit" value="sun.awt.windows.WToolkit"/>
    <property name="file.encoding.pkg" value="sun.io"/>
    <property name="java.specification.version" value="1.8"/>
    <property name="sun.cpu.isalist" value="amd64"/>
    <property name="sun.jnu.encoding" value="Cp1252"/>
    <property name="java.class.path" value="I:\Documents\openclassrooms formation\P7\P7-webService-bibliotheque\batch\bibliothequeBatch\target\test-classes;I:\Documents\openclassrooms formation\P7\P7-webService-bibliotheque\batch\bibliothequeBatch\target\classes;C:\env\maven\repositary\org\springframework\boot\spring-boot-starter-batch\2.0.5.RELEASE\spring-boot-starter-batch-2.0.5.RELEASE.jar;C:\env\maven\repositary\org\springframework\boot\spring-boot-starter\2.0.5.RELEASE\spring-boot-starter-2.0.5.RELEASE.jar;C:\env\maven\repositary\org\springframework\boot\spring-boot\2.0.5.RELEASE\spring-boot-2.0.5.RELEASE.jar;C:\env\maven\repositary\org\springframework\boot\spring-boot-autoconfigure\2.0.5.RELEASE\spring-boot-autoconfigure-2.0.5.RELEASE.jar;C:\env\maven\repositary\org\springframework\boot\spring-boot-starter-logging\2.0.5.RELEASE\spring-boot-starter-logging-2.0.5.RELEASE.jar;C:\env\maven\repositary\ch\qos\logback\logback-classic\1.2.3\logback-classic-1.2.3.jar;C:\env\maven\repositary\ch\qos\logback\logback-core\1.2.3\logback-core-1.2.3.jar;C:\env\maven\repositary\org\apache\logging\log4j\log4j-to-slf4j\2.10.0\log4j-to-slf4j-2.10.0.jar;C:\env\maven\repositary\org\apache\logging\log4j\log4j-api\2.10.0\log4j-api-2.10.0.jar;C:\env\maven\repositary\org\slf4j\jul-to-slf4j\1.7.25\jul-to-slf4j-1.7.25.jar;C:\env\maven\repositary\javax\annotation\javax.annotation-api\1.3.2\javax.annotation-api-1.3.2.jar;C:\env\maven\repositary\org\yaml\snakeyaml\1.19\snakeyaml-1.19.jar;C:\env\maven\repositary\org\springframework\boot\spring-boot-starter-jdbc\2.0.5.RELEASE\spring-boot-starter-jdbc-2.0.5.RELEASE.jar;C:\env\maven\repositary\com\zaxxer\HikariCP\2.7.9\HikariCP-2.7.9.jar;C:\env\maven\repositary\org\springframework\batch\spring-batch-core\4.0.1.RELEASE\spring-batch-core-4.0.1.RELEASE.jar;C:\env\maven\repositary\com\fasterxml\jackson\core\jackson-databind\2.9.6\jackson-databind-2.9.6.jar;C:\env\maven\repositary\com\fasterxml\jackson\core\jackson-annotations\2.9.0\jackson-annotations-2.9.0.jar;C:\env\maven\repositary\com\fasterxml\jackson\core\jackson-core\2.9.6\jackson-core-2.9.6.jar;C:\env\maven\repositary\javax\batch\javax.batch-api\1.0\javax.batch-api-1.0.jar;C:\env\maven\repositary\org\codehaus\jettison\jettison\1.2\jettison-1.2.jar;C:\env\maven\repositary\org\springframework\batch\spring-batch-infrastructure\4.0.1.RELEASE\spring-batch-infrastructure-4.0.1.RELEASE.jar;C:\env\maven\repositary\org\springframework\retry\spring-retry\1.2.2.RELEASE\spring-retry-1.2.2.RELEASE.jar;C:\env\maven\repositary\org\springframework\spring-aop\5.0.9.RELEASE\spring-aop-5.0.9.RELEASE.jar;C:\env\maven\repositary\org\springframework\spring-beans\5.0.9.RELEASE\spring-beans-5.0.9.RELEASE.jar;C:\env\maven\repositary\org\springframework\spring-context\5.0.9.RELEASE\spring-context-5.0.9.RELEASE.jar;C:\env\maven\repositary\org\springframework\spring-expression\5.0.9.RELEASE\spring-expression-5.0.9.RELEASE.jar;C:\env\maven\repositary\org\springframework\spring-tx\5.0.9.RELEASE\spring-tx-5.0.9.RELEASE.jar;C:\env\maven\repositary\org\springframework\boot\spring-boot-starter-test\2.0.5.RELEASE\spring-boot-starter-test-2.0.5.RELEASE.jar;C:\env\maven\repositary\org\springframework\boot\spring-boot-test\2.0.5.RELEASE\spring-boot-test-2.0.5.RELEASE.jar;C:\env\maven\repositary\org\springframework\boot\spring-boot-test-autoconfigure\2.0.5.RELEASE\spring-boot-test-autoconfigure-2.0.5.RELEASE.jar;C:\env\maven\repositary\com\jayway\jsonpath\json-path\2.4.0\json-path-2.4.0.jar;C:\env\maven\repositary\net\minidev\json-smart\2.3\json-smart-2.3.jar;C:\env\maven\repositary\net\minidev\accessors-smart\1.2\accessors-smart-1.2.jar;C:\env\maven\repositary\org\ow2\asm\asm\5.0.4\asm-5.0.4.jar;C:\env\maven\repositary\org\slf4j\slf4j-api\1.7.25\slf4j-api-1.7.25.jar;C:\env\maven\repositary\org\assertj\assertj-core\3.9.1\assertj-core-3.9.1.jar;C:\env\maven\repositary\org\mockito\mockito-core\2.15.0\mockito-core-2.15.0.jar;C:\env\maven\repositary\net\bytebuddy\byte-buddy\1.7.11\byte-buddy-1.7.11.jar;C:\env\maven\repositary\net\bytebuddy\byte-buddy-agent\1.7.11\byte-buddy-agent-1.7.11.jar;C:\env\maven\repositary\org\objenesis\objenesis\2.6\objenesis-2.6.jar;C:\env\maven\repositary\org\hamcrest\hamcrest-core\1.3\hamcrest-core-1.3.jar;C:\env\maven\repositary\org\hamcrest\hamcrest-library\1.3\hamcrest-library-1.3.jar;C:\env\maven\repositary\org\skyscreamer\jsonassert\1.5.0\jsonassert-1.5.0.jar;C:\env\maven\repositary\com\vaadin\external\google\android-json\0.0.20131108.vaadin1\android-json-0.0.20131108.vaadin1.jar;C:\env\maven\repositary\org\springframework\spring-core\5.0.9.RELEASE\spring-core-5.0.9.RELEASE.jar;C:\env\maven\repositary\org\springframework\spring-jcl\5.0.9.RELEASE\spring-jcl-5.0.9.RELEASE.jar;C:\env\maven\repositary\org\springframework\spring-test\5.0.9.RELEASE\spring-test-5.0.9.RELEASE.jar;C:\env\maven\repositary\org\xmlunit\xmlunit-core\2.5.1\xmlunit-core-2.5.1.jar;C:\env\maven\repositary\org\springframework\batch\spring-batch-test\4.0.1.RELEASE\spring-batch-test-4.0.1.RELEASE.jar;C:\env\maven\repositary\commons-collections\commons-collections\3.2.2\commons-collections-3.2.2.jar;C:\env\maven\repositary\commons-io\commons-io\2.6\commons-io-2.6.jar;C:\env\maven\repositary\org\springframework\spring-jdbc\5.0.9.RELEASE\spring-jdbc-5.0.9.RELEASE.jar;C:\env\maven\repositary\com\sun\mail\javax.mail\1.6.2\javax.mail-1.6.2.jar;C:\env\maven\repositary\junit\junit\4.12\junit-4.12.jar;C:\env\maven\repositary\org\apache\cxf\cxf-rt-rs-client\3.2.5\cxf-rt-rs-client-3.2.5.jar;C:\env\maven\repositary\org\apache\cxf\cxf-rt-transports-http\3.2.5\cxf-rt-transports-http-3.2.5.jar;C:\env\maven\repositary\org\apache\cxf\cxf-core\3.2.5\cxf-core-3.2.5.jar;C:\env\maven\repositary\com\fasterxml\woodstox\woodstox-core\5.0.3\woodstox-core-5.0.3.jar;C:\env\maven\repositary\org\codehaus\woodstox\stax2-api\3.1.4\stax2-api-3.1.4.jar;C:\env\maven\repositary\org\apache\ws\xmlschema\xmlschema-core\2.2.3\xmlschema-core-2.2.3.jar;C:\env\maven\repositary\org\apache\cxf\cxf-rt-frontend-jaxrs\3.2.5\cxf-rt-frontend-jaxrs-3.2.5.jar;C:\env\maven\repositary\javax\ws\rs\javax.ws.rs-api\2.1\javax.ws.rs-api-2.1.jar;C:\env\maven\repositary\javax\xml\bind\jaxb-api\2.3.0\jaxb-api-2.3.0.jar;C:\env\maven\repositary\org\glassfish\jaxb\jaxb-runtime\2.3.1\jaxb-runtime-2.3.1.jar;C:\env\maven\repositary\org\glassfish\jaxb\txw2\2.3.1\txw2-2.3.1.jar;C:\env\maven\repositary\com\sun\istack\istack-commons-runtime\3.0.7\istack-commons-runtime-3.0.7.jar;C:\env\maven\repositary\org\jvnet\staxex\stax-ex\1.8\stax-ex-1.8.jar;C:\env\maven\repositary\com\sun\xml\fastinfoset\FastInfoset\1.2.15\FastInfoset-1.2.15.jar;C:\env\maven\repositary\javax\activation\javax.activation-api\1.2.0\javax.activation-api-1.2.0.jar;C:\env\maven\repositary\javax\activation\activation\1.1.1\activation-1.1.1.jar;"/>
    <property name="java.vm.vendor" value="Oracle Corporation"/>
    <property name="sun.arch.data.model" value="64"/>
    <property name="user.variant" value=""/>
    <property name="java.vendor.url" value="http://java.oracle.com/"/>
    <property name="user.timezone" value=""/>
    <property name="java.vm.specification.version" value="1.8"/>
    <property name="os.name" value="Windows 10"/>
    <property name="user.country" value="FR"/>
    <property name="sun.java.launcher" value="SUN_STANDARD"/>
    <property name="sun.boot.library.path" value="C:\env\java\jdk1.8.0_161\jre\bin"/>
    <property name="sun.java.command" value="C:\Users\nicolas\AppData\Local\Temp\surefire1690651809295054052\surefirebooter7618609355783912130.jar C:\Users\nicolas\AppData\Local\Temp\surefire1690651809295054052 2018-10-31T14-09-45_603-jvmRun1 surefire1887555577285372982tmp surefire_089815811388806573tmp"/>
    <property name="surefire.test.class.path" value="I:\Documents\openclassrooms formation\P7\P7-webService-bibliotheque\batch\bibliothequeBatch\target\test-classes;I:\Documents\openclassrooms formation\P7\P7-webService-bibliotheque\batch\bibliothequeBatch\target\classes;C:\env\maven\repositary\org\springframework\boot\spring-boot-starter-batch\2.0.5.RELEASE\spring-boot-starter-batch-2.0.5.RELEASE.jar;C:\env\maven\repositary\org\springframework\boot\spring-boot-starter\2.0.5.RELEASE\spring-boot-starter-2.0.5.RELEASE.jar;C:\env\maven\repositary\org\springframework\boot\spring-boot\2.0.5.RELEASE\spring-boot-2.0.5.RELEASE.jar;C:\env\maven\repositary\org\springframework\boot\spring-boot-autoconfigure\2.0.5.RELEASE\spring-boot-autoconfigure-2.0.5.RELEASE.jar;C:\env\maven\repositary\org\springframework\boot\spring-boot-starter-logging\2.0.5.RELEASE\spring-boot-starter-logging-2.0.5.RELEASE.jar;C:\env\maven\repositary\ch\qos\logback\logback-classic\1.2.3\logback-classic-1.2.3.jar;C:\env\maven\repositary\ch\qos\logback\logback-core\1.2.3\logback-core-1.2.3.jar;C:\env\maven\repositary\org\apache\logging\log4j\log4j-to-slf4j\2.10.0\log4j-to-slf4j-2.10.0.jar;C:\env\maven\repositary\org\apache\logging\log4j\log4j-api\2.10.0\log4j-api-2.10.0.jar;C:\env\maven\repositary\org\slf4j\jul-to-slf4j\1.7.25\jul-to-slf4j-1.7.25.jar;C:\env\maven\repositary\javax\annotation\javax.annotation-api\1.3.2\javax.annotation-api-1.3.2.jar;C:\env\maven\repositary\org\yaml\snakeyaml\1.19\snakeyaml-1.19.jar;C:\env\maven\repositary\org\springframework\boot\spring-boot-starter-jdbc\2.0.5.RELEASE\spring-boot-starter-jdbc-2.0.5.RELEASE.jar;C:\env\maven\repositary\com\zaxxer\HikariCP\2.7.9\HikariCP-2.7.9.jar;C:\env\maven\repositary\org\springframework\batch\spring-batch-core\4.0.1.RELEASE\spring-batch-core-4.0.1.RELEASE.jar;C:\env\maven\repositary\com\fasterxml\jackson\core\jackson-databind\2.9.6\jackson-databind-2.9.6.jar;C:\env\maven\repositary\com\fasterxml\jackson\core\jackson-annotations\2.9.0\jackson-annotations-2.9.0.jar;C:\env\maven\repositary\com\fasterxml\jackson\core\jackson-core\2.9.6\jackson-core-2.9.6.jar;C:\env\maven\repositary\javax\batch\javax.batch-api\1.0\javax.batch-api-1.0.jar;C:\env\maven\repositary\org\codehaus\jettison\jettison\1.2\jettison-1.2.jar;C:\env\maven\repositary\org\springframework\batch\spring-batch-infrastructure\4.0.1.RELEASE\spring-batch-infrastructure-4.0.1.RELEASE.jar;C:\env\maven\repositary\org\springframework\retry\spring-retry\1.2.2.RELEASE\spring-retry-1.2.2.RELEASE.jar;C:\env\maven\repositary\org\springframework\spring-aop\5.0.9.RELEASE\spring-aop-5.0.9.RELEASE.jar;C:\env\maven\repositary\org\springframework\spring-beans\5.0.9.RELEASE\spring-beans-5.0.9.RELEASE.jar;C:\env\maven\repositary\org\springframework\spring-context\5.0.9.RELEASE\spring-context-5.0.9.RELEASE.jar;C:\env\maven\repositary\org\springframework\spring-expression\5.0.9.RELEASE\spring-expression-5.0.9.RELEASE.jar;C:\env\maven\repositary\org\springframework\spring-tx\5.0.9.RELEASE\spring-tx-5.0.9.RELEASE.jar;C:\env\maven\repositary\org\springframework\boot\spring-boot-starter-test\2.0.5.RELEASE\spring-boot-starter-test-2.0.5.RELEASE.jar;C:\env\maven\repositary\org\springframework\boot\spring-boot-test\2.0.5.RELEASE\spring-boot-test-2.0.5.RELEASE.jar;C:\env\maven\repositary\org\springframework\boot\spring-boot-test-autoconfigure\2.0.5.RELEASE\spring-boot-test-autoconfigure-2.0.5.RELEASE.jar;C:\env\maven\repositary\com\jayway\jsonpath\json-path\2.4.0\json-path-2.4.0.jar;C:\env\maven\repositary\net\minidev\json-smart\2.3\json-smart-2.3.jar;C:\env\maven\repositary\net\minidev\accessors-smart\1.2\accessors-smart-1.2.jar;C:\env\maven\repositary\org\ow2\asm\asm\5.0.4\asm-5.0.4.jar;C:\env\maven\repositary\org\slf4j\slf4j-api\1.7.25\slf4j-api-1.7.25.jar;C:\env\maven\repositary\org\assertj\assertj-core\3.9.1\assertj-core-3.9.1.jar;C:\env\maven\repositary\org\mockito\mockito-core\2.15.0\mockito-core-2.15.0.jar;C:\env\maven\repositary\net\bytebuddy\byte-buddy\1.7.11\byte-buddy-1.7.11.jar;C:\env\maven\repositary\net\bytebuddy\byte-buddy-agent\1.7.11\byte-buddy-agent-1.7.11.jar;C:\env\maven\repositary\org\objenesis\objenesis\2.6\objenesis-2.6.jar;C:\env\maven\repositary\org\hamcrest\hamcrest-core\1.3\hamcrest-core-1.3.jar;C:\env\maven\repositary\org\hamcrest\hamcrest-library\1.3\hamcrest-library-1.3.jar;C:\env\maven\repositary\org\skyscreamer\jsonassert\1.5.0\jsonassert-1.5.0.jar;C:\env\maven\repositary\com\vaadin\external\google\android-json\0.0.20131108.vaadin1\android-json-0.0.20131108.vaadin1.jar;C:\env\maven\repositary\org\springframework\spring-core\5.0.9.RELEASE\spring-core-5.0.9.RELEASE.jar;C:\env\maven\repositary\org\springframework\spring-jcl\5.0.9.RELEASE\spring-jcl-5.0.9.RELEASE.jar;C:\env\maven\repositary\org\springframework\spring-test\5.0.9.RELEASE\spring-test-5.0.9.RELEASE.jar;C:\env\maven\repositary\org\xmlunit\xmlunit-core\2.5.1\xmlunit-core-2.5.1.jar;C:\env\maven\repositary\org\springframework\batch\spring-batch-test\4.0.1.RELEASE\spring-batch-test-4.0.1.RELEASE.jar;C:\env\maven\repositary\commons-collections\commons-collections\3.2.2\commons-collections-3.2.2.jar;C:\env\maven\repositary\commons-io\commons-io\2.6\commons-io-2.6.jar;C:\env\maven\repositary\org\springframework\spring-jdbc\5.0.9.RELEASE\spring-jdbc-5.0.9.RELEASE.jar;C:\env\maven\repositary\com\sun\mail\javax.mail\1.6.2\javax.mail-1.6.2.jar;C:\env\maven\repositary\junit\junit\4.12\junit-4.12.jar;C:\env\maven\repositary\org\apache\cxf\cxf-rt-rs-client\3.2.5\cxf-rt-rs-client-3.2.5.jar;C:\env\maven\repositary\org\apache\cxf\cxf-rt-transports-http\3.2.5\cxf-rt-transports-http-3.2.5.jar;C:\env\maven\repositary\org\apache\cxf\cxf-core\3.2.5\cxf-core-3.2.5.jar;C:\env\maven\repositary\com\fasterxml\woodstox\woodstox-core\5.0.3\woodstox-core-5.0.3.jar;C:\env\maven\repositary\org\codehaus\woodstox\stax2-api\3.1.4\stax2-api-3.1.4.jar;C:\env\maven\repositary\org\apache\ws\xmlschema\xmlschema-core\2.2.3\xmlschema-core-2.2.3.jar;C:\env\maven\repositary\org\apache\cxf\cxf-rt-frontend-jaxrs\3.2.5\cxf-rt-frontend-jaxrs-3.2.5.jar;C:\env\maven\repositary\javax\ws\rs\javax.ws.rs-api\2.1\javax.ws.rs-api-2.1.jar;C:\env\maven\repositary\javax\xml\bind\jaxb-api\2.3.0\jaxb-api-2.3.0.jar;C:\env\maven\repositary\org\glassfish\jaxb\jaxb-runtime\2.3.1\jaxb-runtime-2.3.1.jar;C:\env\maven\repositary\org\glassfish\jaxb\txw2\2.3.1\txw2-2.3.1.jar;C:\env\maven\repositary\com\sun\istack\istack-commons-runtime\3.0.7\istack-commons-runtime-3.0.7.jar;C:\env\maven\repositary\org\jvnet\staxex\stax-ex\1.8\stax-ex-1.8.jar;C:\env\maven\repositary\com\sun\xml\fastinfoset\FastInfoset\1.2.15\FastInfoset-1.2.15.jar;C:\env\maven\repositary\javax\activation\javax.activation-api\1.2.0\javax.activation-api-1.2.0.jar;C:\env\maven\repositary\javax\activation\activation\1.1.1\activation-1.1.1.jar;"/>
    <property name="sun.cpu.endian" value="little"/>
    <property name="user.home" value="C:\Users\nicolas"/>
    <property name="user.language" value="fr"/>
    <property name="java.specification.vendor" value="Oracle Corporation"/>
    <property name="java.home" value="C:\env\java\jdk1.8.0_161\jre"/>
    <property name="basedir" value="I:\Documents\openclassrooms formation\P7\P7-webService-bibliotheque\batch\bibliothequeBatch"/>
    <property name="file.separator" value="\"/>
    <property name="line.separator" value="&#10;"/>
    <property name="java.vm.specification.vendor" value="Oracle Corporation"/>
    <property name="java.specification.name" value="Java Platform API Specification"/>
    <property name="java.awt.graphicsenv" value="sun.awt.Win32GraphicsEnvironment"/>
    <property name="surefire.real.class.path" value="C:\Users\nicolas\AppData\Local\Temp\surefire1690651809295054052\surefirebooter7618609355783912130.jar"/>
    <property name="sun.boot.class.path" value="C:\env\java\jdk1.8.0_161\jre\lib\resources.jar;C:\env\java\jdk1.8.0_161\jre\lib\rt.jar;C:\env\java\jdk1.8.0_161\jre\lib\sunrsasign.jar;C:\env\java\jdk1.8.0_161\jre\lib\jsse.jar;C:\env\java\jdk1.8.0_161\jre\lib\jce.jar;C:\env\java\jdk1.8.0_161\jre\lib\charsets.jar;C:\env\java\jdk1.8.0_161\jre\lib\jfr.jar;C:\env\java\jdk1.8.0_161\jre\classes"/>
    <property name="user.script" value=""/>
    <property name="sun.management.compiler" value="HotSpot 64-Bit Tiered Compilers"/>
    <property name="java.runtime.version" value="1.8.0_161-b12"/>
    <property name="user.name" value="nicolas"/>
    <property name="path.separator" value=";"/>
    <property name="os.version" value="10.0"/>
    <property name="java.endorsed.dirs" value="C:\env\java\jdk1.8.0_161\jre\lib\endorsed"/>
    <property name="java.runtime.name" value="Java(TM) SE Runtime Environment"/>
    <property name="file.encoding" value="Cp1252"/>
    <property name="java.vm.name" value="Java HotSpot(TM) 64-Bit Server VM"/>
    <property name="localRepository" value="C:\env\maven\repositary"/>
    <property name="java.vendor.url.bug" value="http://bugreport.sun.com/bugreport/"/>
    <property name="java.io.tmpdir" value="C:\Users\nicolas\AppData\Local\Temp\"/>
    <property name="java.version" value="1.8.0_161"/>
    <property name="user.dir" value="I:\Documents\openclassrooms formation\P7\P7-webService-bibliotheque\batch\bibliothequeBatch"/>
    <property name="os.arch" value="amd64"/>
    <property name="java.vm.specification.name" value="Java Virtual Machine Specification"/>
    <property name="java.awt.printerjob" value="sun.awt.windows.WPrinterJob"/>
    <property name="sun.os.patch.level" value=""/>
    <property name="java.library.path" value="C:\env\java\jdk1.8.0_161\jre\bin;C:\WINDOWS\Sun\Java\bin;C:\WINDOWS\system32;C:\WINDOWS;C:/Program Files/Java/jre1.8.0_144/bin/server;C:/Program Files/Java/jre1.8.0_144/bin;C:/Program Files/Java/jre1.8.0_144/lib/amd64;C:\Program Files\Docker\Docker\Resources\bin;C:\Program Files (x86)\Common Files\Oracle\Java\javapath;C:\Program Files (x86)\Intel\iCLS Client\;C:\Program Files\Intel\iCLS Client\;C:\WINDOWS\system32;C:\WINDOWS;C:\WINDOWS\System32\Wbem;C:\WINDOWS\System32\WindowsPowerShell\v1.0\;C:\env\maven\apache-maven-3.5.3\bin;C:\Program Files\Microsoft SQL Server\120\Tools\Binn\;C:\Program Files\Microsoft SQL Server\130\Tools\Binn\;C:\Program Files\dotnet\;C:\Program Files (x86)\GtkSharp\2.12\bin;C:\Program Files (x86)\Intel\Intel(R) Management Engine Components\DAL;C:\Program Files\Intel\Intel(R) Management Engine Components\DAL;C:\Program Files (x86)\Intel\Intel(R) Management Engine Components\IPT;C:\Program Files\Intel\Intel(R) Management Engine Components\IPT;C:\Program Files\Git\cmd;C:\Program Files\Java\jre1.8.0_144;C:\Cygwin\bin;C:\env\java\jdk1.8.0_161\bin;C:\ProgramData\Oracle\Java\javapath;C:\env\maven\apache-maven-3.5.3\bin;;C:\WINDOWS\System32\OpenSSH\;C:\Program Files (x86)\GitExtensions\;C:\Users\nicolas\AppData\Local\Microsoft\WindowsApps;;C:\WINDOWS\system32;;."/>
    <property name="java.vm.info" value="mixed mode"/>
    <property name="java.vendor" value="Oracle Corporation"/>
    <property name="java.vm.version" value="25.161-b12"/>
    <property name="java.ext.dirs" value="C:\env\java\jdk1.8.0_161\jre\lib\ext;C:\WINDOWS\Sun\Java\lib\ext"/>
    <property name="sun.io.unicode.encoding" value="UnicodeLittle"/>
    <property name="java.class.version" value="52.0"/>
  </properties>
  <testcase name="shouldAnswerWithTrue" classname="oc.batch.nicolas.AppTest" time="0.004"/>
</testsuite>