<?xml version="1.0" encoding="UTF-8"?>
<testsuite xmlns:xsi="http://www.w3.org/2001/XMLSchema-instance" xsi:noNamespaceSchemaLocation="https://maven.apache.org/surefire/maven-surefire-plugin/xsd/surefire-test-report.xsd" name="OC.webService.nicolas.technical.AppTest" time="0.003" tests="1" errors="0" skipped="0" failures="0">
  <properties>
    <property name="sun.desktop" value="windows"/>
    <property name="awt.toolkit" value="sun.awt.windows.WToolkit"/>
    <property name="file.encoding.pkg" value="sun.io"/>
    <property name="java.specification.version" value="1.8"/>
    <property name="sun.cpu.isalist" value="amd64"/>
    <property name="sun.jnu.encoding" value="Cp1252"/>
    <property name="java.class.path" value="I:\Documents\openclassrooms formation\P7\P7-webService-bibliotheque\webService\bibliothequeWS\bibliothequeWS-Technical\target\test-classes;I:\Documents\openclassrooms formation\P7\P7-webService-bibliotheque\webService\bibliothequeWS\bibliothequeWS-Technical\target\classes;C:\env\maven\repositary\junit\junit\3.8.1\junit-3.8.1.jar;C:\env\maven\repositary\org\apache\logging\log4j\log4j-core\2.11.1\log4j-core-2.11.1.jar;C:\env\maven\repositary\org\apache\logging\log4j\log4j-api\2.10.0\log4j-api-2.10.0.jar;"/>
    <property name="java.vm.vendor" value="Oracle Corporation"/>
    <property name="sun.arch.data.model" value="64"/>
    <property name="user.variant" value=""/>
    <property name="java.vendor.url" value="http://java.oracle.com/"/>
    <property name="user.timezone" value=""/>
    <property name="java.vm.specification.version" value="1.8"/>
    <property name="os.name" value="Windows 10"/>
    <property name="user.country" value="FR"/>
    <property name="sun.java.launcher" value="SUN_STANDARD"/>
    <property name="sun.boot.library.path" value="C:\env\java\jdk1.8.0_161\jre\bin"/>
    <property name="sun.java.command" value="C:\Users\nicolas\AppData\Local\Temp\surefire9196492071035534675\surefirebooter7903804995658259360.jar C:\Users\nicolas\AppData\Local\Temp\surefire9196492071035534675 2018-09-26T10-17-55_261-jvmRun1 surefire7758754104554560310tmp surefire_03394034623174338427tmp"/>
    <property name="surefire.test.class.path" value="I:\Documents\openclassrooms formation\P7\P7-webService-bibliotheque\webService\bibliothequeWS\bibliothequeWS-Technical\target\test-classes;I:\Documents\openclassrooms formation\P7\P7-webService-bibliotheque\webService\bibliothequeWS\bibliothequeWS-Technical\target\classes;C:\env\maven\repositary\junit\junit\3.8.1\junit-3.8.1.jar;C:\env\maven\repositary\org\apache\logging\log4j\log4j-core\2.11.1\log4j-core-2.11.1.jar;C:\env\maven\repositary\org\apache\logging\log4j\log4j-api\2.10.0\log4j-api-2.10.0.jar;"/>
    <property name="sun.cpu.endian" value="little"/>
    <property name="user.home" value="C:\Users\nicolas"/>
    <property name="user.language" value="fr"/>
    <property name="java.specification.vendor" value="Oracle Corporation"/>
    <property name="java.home" value="C:\env\java\jdk1.8.0_161\jre"/>
    <property name="basedir" value="I:\Documents\openclassrooms formation\P7\P7-webService-bibliotheque\webService\bibliothequeWS\bibliothequeWS-Technical"/>
    <property name="file.separator" value="\"/>
    <property name="line.separator" value="&#10;"/>
    <property name="java.vm.specification.vendor" value="Oracle Corporation"/>
    <property name="java.specification.name" value="Java Platform API Specification"/>
    <property name="java.awt.graphicsenv" value="sun.awt.Win32GraphicsEnvironment"/>
    <property name="surefire.real.class.path" value="C:\Users\nicolas\AppData\Local\Temp\surefire9196492071035534675\surefirebooter7903804995658259360.jar"/>
    <property name="sun.boot.class.path" value="C:\env\java\jdk1.8.0_161\jre\lib\resources.jar;C:\env\java\jdk1.8.0_161\jre\lib\rt.jar;C:\env\java\jdk1.8.0_161\jre\lib\sunrsasign.jar;C:\env\java\jdk1.8.0_161\jre\lib\jsse.jar;C:\env\java\jdk1.8.0_161\jre\lib\jce.jar;C:\env\java\jdk1.8.0_161\jre\lib\charsets.jar;C:\env\java\jdk1.8.0_161\jre\lib\jfr.jar;C:\env\java\jdk1.8.0_161\jre\classes"/>
    <property name="user.script" value=""/>
    <property name="sun.management.compiler" value="HotSpot 64-Bit Tiered Compilers"/>
    <property name="java.runtime.version" value="1.8.0_161-b12"/>
    <property name="user.name" value="nicolas"/>
    <property name="path.separator" value=";"/>
    <property name="os.version" value="10.0"/>
    <property name="java.endorsed.dirs" value="C:\env\java\jdk1.8.0_161\jre\lib\endorsed"/>
    <property name="java.runtime.name" value="Java(TM) SE Runtime Environment"/>
    <property name="file.encoding" value="Cp1252"/>
    <property name="java.vm.name" value="Java HotSpot(TM) 64-Bit Server VM"/>
    <property name="localRepository" value="C:\env\maven\repositary"/>
    <property name="java.vendor.url.bug" value="http://bugreport.sun.com/bugreport/"/>
    <property name="java.io.tmpdir" value="C:\Users\nicolas\AppData\Local\Temp\"/>
    <property name="java.version" value="1.8.0_161"/>
    <property name="user.dir" value="I:\Documents\openclassrooms formation\P7\P7-webService-bibliotheque\webService\bibliothequeWS\bibliothequeWS-Technical"/>
    <property name="os.arch" value="amd64"/>
    <property name="java.vm.specification.name" value="Java Virtual Machine Specification"/>
    <property name="java.awt.printerjob" value="sun.awt.windows.WPrinterJob"/>
    <property name="sun.os.patch.level" value=""/>
    <property name="java.library.path" value="C:\env\java\jdk1.8.0_161\jre\bin;C:\WINDOWS\Sun\Java\bin;C:\WINDOWS\system32;C:\WINDOWS;C:/Program Files/Java/jre1.8.0_144/bin/server;C:/Program Files/Java/jre1.8.0_144/bin;C:/Program Files/Java/jre1.8.0_144/lib/amd64;C:\Program Files (x86)\Common Files\Oracle\Java\javapath;C:\Program Files (x86)\Intel\iCLS Client\;C:\Program Files\Intel\iCLS Client\;C:\WINDOWS\system32;C:\WINDOWS;C:\WINDOWS\System32\Wbem;C:\WINDOWS\System32\WindowsPowerShell\v1.0\;C:\env\maven\apache-maven-3.5.3\bin;C:\Program Files\Microsoft SQL Server\120\Tools\Binn\;C:\Program Files\Microsoft SQL Server\130\Tools\Binn\;C:\Program Files\dotnet\;C:\Program Files (x86)\GtkSharp\2.12\bin;C:\Program Files (x86)\Intel\Intel(R) Management Engine Components\DAL;C:\Program Files\Intel\Intel(R) Management Engine Components\DAL;C:\Program Files (x86)\Intel\Intel(R) Management Engine Components\IPT;C:\Program Files\Intel\Intel(R) Management Engine Components\IPT;C:\Program Files\Git\cmd;C:\Program Files\Java\jre1.8.0_144;C:\Cygwin\bin;C:\env\java\jdk1.8.0_161\bin;C:\ProgramData\Oracle\Java\javapath;C:\env\maven\apache-maven-3.5.3\bin;;C:\WINDOWS\System32\OpenSSH\;C:\Users\nicolas\AppData\Local\Microsoft\WindowsApps;;C:\WINDOWS\system32;;."/>
    <property name="java.vm.info" value="mixed mode"/>
    <property name="java.vendor" value="Oracle Corporation"/>
    <property name="java.vm.version" value="25.161-b12"/>
    <property name="java.ext.dirs" value="C:\env\java\jdk1.8.0_161\jre\lib\ext;C:\WINDOWS\Sun\Java\lib\ext"/>
    <property name="sun.io.unicode.encoding" value="UnicodeLittle"/>
    <property name="java.class.version" value="52.0"/>
  </properties>
  <testcase name="testApp" classname="OC.webService.nicolas.technical.AppTest" time="0"/>
</testsuite>