<?xml version="1.0" encoding="UTF-8"?>
<testsuite xmlns:xsi="http://www.w3.org/2001/XMLSchema-instance" xsi:noNamespaceSchemaLocation="https://maven.apache.org/surefire/maven-surefire-plugin/xsd/surefire-test-report.xsd" name="OC.webService.nicolas.appSpringBoot.AppTest" time="0.034" tests="1" errors="0" skipped="0" failures="0">
  <properties>
    <property name="sun.desktop" value="windows"/>
    <property name="awt.toolkit" value="sun.awt.windows.WToolkit"/>
    <property name="file.encoding.pkg" value="sun.io"/>
    <property name="java.specification.version" value="1.8"/>
    <property name="sun.cpu.isalist" value="amd64"/>
    <property name="sun.jnu.encoding" value="Cp1252"/>
    <property name="java.class.path" value="I:\Documents\openclassrooms formation\P7\P7-webService-bibliotheque\webService\bibliothequeWS\bibliothequeWS-AppSpringBoot\target\test-classes;I:\Documents\openclassrooms formation\P7\P7-webService-bibliotheque\webService\bibliothequeWS\bibliothequeWS-AppSpringBoot\target\classes;C:\env\maven\repositary\junit\junit\4.12\junit-4.12.jar;C:\env\maven\repositary\org\hamcrest\hamcrest-core\1.3\hamcrest-core-1.3.jar;C:\env\maven\repositary\org\apache\cxf\cxf-spring-boot-starter-jaxrs\3.2.5\cxf-spring-boot-starter-jaxrs-3.2.5.jar;C:\env\maven\repositary\org\springframework\boot\spring-boot-starter\2.0.5.RELEASE\spring-boot-starter-2.0.5.RELEASE.jar;C:\env\maven\repositary\org\springframework\boot\spring-boot\2.0.5.RELEASE\spring-boot-2.0.5.RELEASE.jar;C:\env\maven\repositary\org\springframework\spring-context\5.0.9.RELEASE\spring-context-5.0.9.RELEASE.jar;C:\env\maven\repositary\org\springframework\boot\spring-boot-autoconfigure\2.0.5.RELEASE\spring-boot-autoconfigure-2.0.5.RELEASE.jar;C:\env\maven\repositary\org\springframework\boot\spring-boot-starter-logging\2.0.5.RELEASE\spring-boot-starter-logging-2.0.5.RELEASE.jar;C:\env\maven\repositary\ch\qos\logback\logback-classic\1.2.3\logback-classic-1.2.3.jar;C:\env\maven\repositary\ch\qos\logback\logback-core\1.2.3\logback-core-1.2.3.jar;C:\env\maven\repositary\org\apache\logging\log4j\log4j-to-slf4j\2.10.0\log4j-to-slf4j-2.10.0.jar;C:\env\maven\repositary\org\slf4j\jul-to-slf4j\1.7.25\jul-to-slf4j-1.7.25.jar;C:\env\maven\repositary\javax\annotation\javax.annotation-api\1.3.2\javax.annotation-api-1.3.2.jar;C:\env\maven\repositary\org\springframework\spring-core\5.0.9.RELEASE\spring-core-5.0.9.RELEASE.jar;C:\env\maven\repositary\org\springframework\spring-jcl\5.0.9.RELEASE\spring-jcl-5.0.9.RELEASE.jar;C:\env\maven\repositary\org\yaml\snakeyaml\1.19\snakeyaml-1.19.jar;C:\env\maven\repositary\org\springframework\boot\spring-boot-starter-web\2.0.5.RELEASE\spring-boot-starter-web-2.0.5.RELEASE.jar;C:\env\maven\repositary\org\springframework\boot\spring-boot-starter-json\2.0.5.RELEASE\spring-boot-starter-json-2.0.5.RELEASE.jar;C:\env\maven\repositary\com\fasterxml\jackson\core\jackson-databind\2.9.6\jackson-databind-2.9.6.jar;C:\env\maven\repositary\com\fasterxml\jackson\core\jackson-annotations\2.9.0\jackson-annotations-2.9.0.jar;C:\env\maven\repositary\com\fasterxml\jackson\core\jackson-core\2.9.6\jackson-core-2.9.6.jar;C:\env\maven\repositary\com\fasterxml\jackson\datatype\jackson-datatype-jdk8\2.9.6\jackson-datatype-jdk8-2.9.6.jar;C:\env\maven\repositary\com\fasterxml\jackson\datatype\jackson-datatype-jsr310\2.9.6\jackson-datatype-jsr310-2.9.6.jar;C:\env\maven\repositary\com\fasterxml\jackson\module\jackson-module-parameter-names\2.9.6\jackson-module-parameter-names-2.9.6.jar;C:\env\maven\repositary\org\springframework\boot\spring-boot-starter-tomcat\2.0.5.RELEASE\spring-boot-starter-tomcat-2.0.5.RELEASE.jar;C:\env\maven\repositary\org\apache\tomcat\embed\tomcat-embed-core\8.5.34\tomcat-embed-core-8.5.34.jar;C:\env\maven\repositary\org\apache\tomcat\embed\tomcat-embed-el\8.5.34\tomcat-embed-el-8.5.34.jar;C:\env\maven\repositary\org\apache\tomcat\embed\tomcat-embed-websocket\8.5.34\tomcat-embed-websocket-8.5.34.jar;C:\env\maven\repositary\org\hibernate\validator\hibernate-validator\6.0.12.Final\hibernate-validator-6.0.12.Final.jar;C:\env\maven\repositary\org\jboss\logging\jboss-logging\3.3.2.Final\jboss-logging-3.3.2.Final.jar;C:\env\maven\repositary\com\fasterxml\classmate\1.3.4\classmate-1.3.4.jar;C:\env\maven\repositary\org\springframework\spring-web\5.0.9.RELEASE\spring-web-5.0.9.RELEASE.jar;C:\env\maven\repositary\org\springframework\spring-webmvc\5.0.9.RELEASE\spring-webmvc-5.0.9.RELEASE.jar;C:\env\maven\repositary\org\springframework\spring-expression\5.0.9.RELEASE\spring-expression-5.0.9.RELEASE.jar;C:\env\maven\repositary\org\apache\cxf\cxf-spring-boot-autoconfigure\3.2.5\cxf-spring-boot-autoconfigure-3.2.5.jar;C:\env\maven\repositary\org\apache\cxf\cxf-rt-transports-http\3.2.5\cxf-rt-transports-http-3.2.5.jar;C:\env\maven\repositary\org\apache\cxf\cxf-rt-frontend-jaxrs\3.2.5\cxf-rt-frontend-jaxrs-3.2.5.jar;C:\env\maven\repositary\javax\ws\rs\javax.ws.rs-api\2.1\javax.ws.rs-api-2.1.jar;C:\env\maven\repositary\org\apache\cxf\cxf-rt-rs-client\3.2.5\cxf-rt-rs-client-3.2.5.jar;C:\env\maven\repositary\javax\validation\validation-api\2.0.1.Final\validation-api-2.0.1.Final.jar;C:\env\maven\repositary\org\apache\cxf\cxf-rt-frontend-jaxws\3.2.5\cxf-rt-frontend-jaxws-3.2.5.jar;C:\env\maven\repositary\xml-resolver\xml-resolver\1.2\xml-resolver-1.2.jar;C:\env\maven\repositary\org\ow2\asm\asm\5.2\asm-5.2.jar;C:\env\maven\repositary\org\apache\cxf\cxf-core\3.2.5\cxf-core-3.2.5.jar;C:\env\maven\repositary\com\fasterxml\woodstox\woodstox-core\5.0.3\woodstox-core-5.0.3.jar;C:\env\maven\repositary\org\codehaus\woodstox\stax2-api\3.1.4\stax2-api-3.1.4.jar;C:\env\maven\repositary\org\apache\ws\xmlschema\xmlschema-core\2.2.3\xmlschema-core-2.2.3.jar;C:\env\maven\repositary\org\apache\cxf\cxf-rt-bindings-soap\3.2.5\cxf-rt-bindings-soap-3.2.5.jar;C:\env\maven\repositary\org\apache\cxf\cxf-rt-wsdl\3.2.5\cxf-rt-wsdl-3.2.5.jar;C:\env\maven\repositary\wsdl4j\wsdl4j\1.6.3\wsdl4j-1.6.3.jar;C:\env\maven\repositary\org\apache\cxf\cxf-rt-databinding-jaxb\3.2.5\cxf-rt-databinding-jaxb-3.2.5.jar;C:\env\maven\repositary\org\apache\cxf\cxf-rt-bindings-xml\3.2.5\cxf-rt-bindings-xml-3.2.5.jar;C:\env\maven\repositary\org\apache\cxf\cxf-rt-frontend-simple\3.2.5\cxf-rt-frontend-simple-3.2.5.jar;C:\env\maven\repositary\org\apache\cxf\cxf-rt-ws-addr\3.2.5\cxf-rt-ws-addr-3.2.5.jar;C:\env\maven\repositary\org\apache\cxf\cxf-rt-ws-policy\3.2.5\cxf-rt-ws-policy-3.2.5.jar;C:\env\maven\repositary\org\apache\neethi\neethi\3.1.1\neethi-3.1.1.jar;C:\env\maven\repositary\org\apache\cxf\cxf-rt-transports-http-jetty\3.2.5\cxf-rt-transports-http-jetty-3.2.5.jar;C:\env\maven\repositary\org\eclipse\jetty\jetty-server\9.4.12.v20180830\jetty-server-9.4.12.v20180830.jar;C:\env\maven\repositary\javax\servlet\javax.servlet-api\3.1.0\javax.servlet-api-3.1.0.jar;C:\env\maven\repositary\org\eclipse\jetty\jetty-util\9.4.12.v20180830\jetty-util-9.4.12.v20180830.jar;C:\env\maven\repositary\org\eclipse\jetty\jetty-io\9.4.12.v20180830\jetty-io-9.4.12.v20180830.jar;C:\env\maven\repositary\org\eclipse\jetty\jetty-security\9.4.12.v20180830\jetty-security-9.4.12.v20180830.jar;C:\env\maven\repositary\org\eclipse\jetty\jetty-continuation\9.4.12.v20180830\jetty-continuation-9.4.12.v20180830.jar;C:\env\maven\repositary\org\eclipse\jetty\jetty-http\9.4.12.v20180830\jetty-http-9.4.12.v20180830.jar;C:\env\maven\repositary\org\slf4j\slf4j-api\1.7.25\slf4j-api-1.7.25.jar;I:\Documents\openclassrooms formation\P7\P7-webService-bibliotheque\webService\bibliothequeWS\bibliothequeWS-Business\target\bibliothequeWS-Business-1.0-SNAPSHOT.jar;I:\Documents\openclassrooms formation\P7\P7-webService-bibliotheque\webService\bibliothequeWS\bibliothequeWS-Consumer\target\bibliothequeWS-Consumer-1.0-SNAPSHOT.jar;C:\env\maven\repositary\org\postgresql\postgresql\42.2.5\postgresql-42.2.5.jar;I:\Documents\openclassrooms formation\P7\P7-webService-bibliotheque\webService\bibliothequeWS\bibliothequeWS-Technical\target\bibliothequeWS-Technical-1.0-SNAPSHOT.jar;C:\env\maven\repositary\org\apache\logging\log4j\log4j-core\2.11.1\log4j-core-2.11.1.jar;C:\env\maven\repositary\org\apache\logging\log4j\log4j-api\2.10.0\log4j-api-2.10.0.jar;I:\Documents\openclassrooms formation\P7\P7-webService-bibliotheque\webService\bibliothequeWS\bibliothequeWS-Model\target\bibliothequeWS-Model-1.0-SNAPSHOT.jar;C:\env\maven\repositary\org\springframework\boot\spring-boot-starter-data-jpa\2.0.5.RELEASE\spring-boot-starter-data-jpa-2.0.5.RELEASE.jar;C:\env\maven\repositary\org\springframework\boot\spring-boot-starter-aop\2.0.5.RELEASE\spring-boot-starter-aop-2.0.5.RELEASE.jar;C:\env\maven\repositary\org\aspectj\aspectjweaver\1.8.13\aspectjweaver-1.8.13.jar;C:\env\maven\repositary\org\springframework\boot\spring-boot-starter-jdbc\2.0.5.RELEASE\spring-boot-starter-jdbc-2.0.5.RELEASE.jar;C:\env\maven\repositary\com\zaxxer\HikariCP\2.7.9\HikariCP-2.7.9.jar;C:\env\maven\repositary\org\springframework\spring-jdbc\5.0.9.RELEASE\spring-jdbc-5.0.9.RELEASE.jar;C:\env\maven\repositary\javax\transaction\javax.transaction-api\1.2\javax.transaction-api-1.2.jar;C:\env\maven\repositary\org\hibernate\hibernate-core\5.2.17.Final\hibernate-core-5.2.17.Final.jar;C:\env\maven\repositary\org\hibernate\javax\persistence\hibernate-jpa-2.1-api\1.0.2.Final\hibernate-jpa-2.1-api-1.0.2.Final.jar;C:\env\maven\repositary\org\javassist\javassist\3.22.0-GA\javassist-3.22.0-GA.jar;C:\env\maven\repositary\antlr\antlr\2.7.7\antlr-2.7.7.jar;C:\env\maven\repositary\org\jboss\jandex\2.0.3.Final\jandex-2.0.3.Final.jar;C:\env\maven\repositary\dom4j\dom4j\1.6.1\dom4j-1.6.1.jar;C:\env\maven\repositary\org\hibernate\common\hibernate-commons-annotations\5.0.1.Final\hibernate-commons-annotations-5.0.1.Final.jar;C:\env\maven\repositary\org\springframework\data\spring-data-jpa\2.0.10.RELEASE\spring-data-jpa-2.0.10.RELEASE.jar;C:\env\maven\repositary\org\springframework\data\spring-data-commons\2.0.10.RELEASE\spring-data-commons-2.0.10.RELEASE.jar;C:\env\maven\repositary\org\springframework\spring-orm\5.0.9.RELEASE\spring-orm-5.0.9.RELEASE.jar;C:\env\maven\repositary\org\springframework\spring-tx\5.0.9.RELEASE\spring-tx-5.0.9.RELEASE.jar;C:\env\maven\repositary\org\springframework\spring-aspects\5.0.9.RELEASE\spring-aspects-5.0.9.RELEASE.jar;C:\env\maven\repositary\org\springframework\boot\spring-boot-starter-web-services\2.0.5.RELEASE\spring-boot-starter-web-services-2.0.5.RELEASE.jar;C:\env\maven\repositary\org\springframework\spring-oxm\5.0.9.RELEASE\spring-oxm-5.0.9.RELEASE.jar;C:\env\maven\repositary\org\springframework\spring-beans\5.0.9.RELEASE\spring-beans-5.0.9.RELEASE.jar;C:\env\maven\repositary\org\springframework\ws\spring-ws-core\3.0.3.RELEASE\spring-ws-core-3.0.3.RELEASE.jar;C:\env\maven\repositary\org\springframework\ws\spring-xml\3.0.3.RELEASE\spring-xml-3.0.3.RELEASE.jar;C:\env\maven\repositary\org\springframework\spring-aop\5.0.9.RELEASE\spring-aop-5.0.9.RELEASE.jar;C:\env\maven\repositary\commons-io\commons-io\2.5\commons-io-2.5.jar;"/>
    <property name="java.vm.vendor" value="Oracle Corporation"/>
    <property name="sun.arch.data.model" value="64"/>
    <property name="user.variant" value=""/>
    <property name="java.vendor.url" value="http://java.oracle.com/"/>
    <property name="user.timezone" value=""/>
    <property name="java.vm.specification.version" value="1.8"/>
    <property name="os.name" value="Windows 10"/>
    <property name="user.country" value="FR"/>
    <property name="sun.java.launcher" value="SUN_STANDARD"/>
    <property name="sun.boot.library.path" value="C:\env\java\jdk1.8.0_161\jre\bin"/>
    <property name="sun.java.command" value="C:\Users\nicolas\AppData\Local\Temp\surefire2677619460534594413\surefirebooter8678026126175240044.jar C:\Users\nicolas\AppData\Local\Temp\surefire2677619460534594413 2018-10-04T10-00-44_149-jvmRun1 surefire9048249425522810089tmp surefire_43041624939158851395tmp"/>
    <property name="surefire.test.class.path" value="I:\Documents\openclassrooms formation\P7\P7-webService-bibliotheque\webService\bibliothequeWS\bibliothequeWS-AppSpringBoot\target\test-classes;I:\Documents\openclassrooms formation\P7\P7-webService-bibliotheque\webService\bibliothequeWS\bibliothequeWS-AppSpringBoot\target\classes;C:\env\maven\repositary\junit\junit\4.12\junit-4.12.jar;C:\env\maven\repositary\org\hamcrest\hamcrest-core\1.3\hamcrest-core-1.3.jar;C:\env\maven\repositary\org\apache\cxf\cxf-spring-boot-starter-jaxrs\3.2.5\cxf-spring-boot-starter-jaxrs-3.2.5.jar;C:\env\maven\repositary\org\springframework\boot\spring-boot-starter\2.0.5.RELEASE\spring-boot-starter-2.0.5.RELEASE.jar;C:\env\maven\repositary\org\springframework\boot\spring-boot\2.0.5.RELEASE\spring-boot-2.0.5.RELEASE.jar;C:\env\maven\repositary\org\springframework\spring-context\5.0.9.RELEASE\spring-context-5.0.9.RELEASE.jar;C:\env\maven\repositary\org\springframework\boot\spring-boot-autoconfigure\2.0.5.RELEASE\spring-boot-autoconfigure-2.0.5.RELEASE.jar;C:\env\maven\repositary\org\springframework\boot\spring-boot-starter-logging\2.0.5.RELEASE\spring-boot-starter-logging-2.0.5.RELEASE.jar;C:\env\maven\repositary\ch\qos\logback\logback-classic\1.2.3\logback-classic-1.2.3.jar;C:\env\maven\repositary\ch\qos\logback\logback-core\1.2.3\logback-core-1.2.3.jar;C:\env\maven\repositary\org\apache\logging\log4j\log4j-to-slf4j\2.10.0\log4j-to-slf4j-2.10.0.jar;C:\env\maven\repositary\org\slf4j\jul-to-slf4j\1.7.25\jul-to-slf4j-1.7.25.jar;C:\env\maven\repositary\javax\annotation\javax.annotation-api\1.3.2\javax.annotation-api-1.3.2.jar;C:\env\maven\repositary\org\springframework\spring-core\5.0.9.RELEASE\spring-core-5.0.9.RELEASE.jar;C:\env\maven\repositary\org\springframework\spring-jcl\5.0.9.RELEASE\spring-jcl-5.0.9.RELEASE.jar;C:\env\maven\repositary\org\yaml\snakeyaml\1.19\snakeyaml-1.19.jar;C:\env\maven\repositary\org\springframework\boot\spring-boot-starter-web\2.0.5.RELEASE\spring-boot-starter-web-2.0.5.RELEASE.jar;C:\env\maven\repositary\org\springframework\boot\spring-boot-starter-json\2.0.5.RELEASE\spring-boot-starter-json-2.0.5.RELEASE.jar;C:\env\maven\repositary\com\fasterxml\jackson\core\jackson-databind\2.9.6\jackson-databind-2.9.6.jar;C:\env\maven\repositary\com\fasterxml\jackson\core\jackson-annotations\2.9.0\jackson-annotations-2.9.0.jar;C:\env\maven\repositary\com\fasterxml\jackson\core\jackson-core\2.9.6\jackson-core-2.9.6.jar;C:\env\maven\repositary\com\fasterxml\jackson\datatype\jackson-datatype-jdk8\2.9.6\jackson-datatype-jdk8-2.9.6.jar;C:\env\maven\repositary\com\fasterxml\jackson\datatype\jackson-datatype-jsr310\2.9.6\jackson-datatype-jsr310-2.9.6.jar;C:\env\maven\repositary\com\fasterxml\jackson\module\jackson-module-parameter-names\2.9.6\jackson-module-parameter-names-2.9.6.jar;C:\env\maven\repositary\org\springframework\boot\spring-boot-starter-tomcat\2.0.5.RELEASE\spring-boot-starter-tomcat-2.0.5.RELEASE.jar;C:\env\maven\repositary\org\apache\tomcat\embed\tomcat-embed-core\8.5.34\tomcat-embed-core-8.5.34.jar;C:\env\maven\repositary\org\apache\tomcat\embed\tomcat-embed-el\8.5.34\tomcat-embed-el-8.5.34.jar;C:\env\maven\repositary\org\apache\tomcat\embed\tomcat-embed-websocket\8.5.34\tomcat-embed-websocket-8.5.34.jar;C:\env\maven\repositary\org\hibernate\validator\hibernate-validator\6.0.12.Final\hibernate-validator-6.0.12.Final.jar;C:\env\maven\repositary\org\jboss\logging\jboss-logging\3.3.2.Final\jboss-logging-3.3.2.Final.jar;C:\env\maven\repositary\com\fasterxml\classmate\1.3.4\classmate-1.3.4.jar;C:\env\maven\repositary\org\springframework\spring-web\5.0.9.RELEASE\spring-web-5.0.9.RELEASE.jar;C:\env\maven\repositary\org\springframework\spring-webmvc\5.0.9.RELEASE\spring-webmvc-5.0.9.RELEASE.jar;C:\env\maven\repositary\org\springframework\spring-expression\5.0.9.RELEASE\spring-expression-5.0.9.RELEASE.jar;C:\env\maven\repositary\org\apache\cxf\cxf-spring-boot-autoconfigure\3.2.5\cxf-spring-boot-autoconfigure-3.2.5.jar;C:\env\maven\repositary\org\apache\cxf\cxf-rt-transports-http\3.2.5\cxf-rt-transports-http-3.2.5.jar;C:\env\maven\repositary\org\apache\cxf\cxf-rt-frontend-jaxrs\3.2.5\cxf-rt-frontend-jaxrs-3.2.5.jar;C:\env\maven\repositary\javax\ws\rs\javax.ws.rs-api\2.1\javax.ws.rs-api-2.1.jar;C:\env\maven\repositary\org\apache\cxf\cxf-rt-rs-client\3.2.5\cxf-rt-rs-client-3.2.5.jar;C:\env\maven\repositary\javax\validation\validation-api\2.0.1.Final\validation-api-2.0.1.Final.jar;C:\env\maven\repositary\org\apache\cxf\cxf-rt-frontend-jaxws\3.2.5\cxf-rt-frontend-jaxws-3.2.5.jar;C:\env\maven\repositary\xml-resolver\xml-resolver\1.2\xml-resolver-1.2.jar;C:\env\maven\repositary\org\ow2\asm\asm\5.2\asm-5.2.jar;C:\env\maven\repositary\org\apache\cxf\cxf-core\3.2.5\cxf-core-3.2.5.jar;C:\env\maven\repositary\com\fasterxml\woodstox\woodstox-core\5.0.3\woodstox-core-5.0.3.jar;C:\env\maven\repositary\org\codehaus\woodstox\stax2-api\3.1.4\stax2-api-3.1.4.jar;C:\env\maven\repositary\org\apache\ws\xmlschema\xmlschema-core\2.2.3\xmlschema-core-2.2.3.jar;C:\env\maven\repositary\org\apache\cxf\cxf-rt-bindings-soap\3.2.5\cxf-rt-bindings-soap-3.2.5.jar;C:\env\maven\repositary\org\apache\cxf\cxf-rt-wsdl\3.2.5\cxf-rt-wsdl-3.2.5.jar;C:\env\maven\repositary\wsdl4j\wsdl4j\1.6.3\wsdl4j-1.6.3.jar;C:\env\maven\repositary\org\apache\cxf\cxf-rt-databinding-jaxb\3.2.5\cxf-rt-databinding-jaxb-3.2.5.jar;C:\env\maven\repositary\org\apache\cxf\cxf-rt-bindings-xml\3.2.5\cxf-rt-bindings-xml-3.2.5.jar;C:\env\maven\repositary\org\apache\cxf\cxf-rt-frontend-simple\3.2.5\cxf-rt-frontend-simple-3.2.5.jar;C:\env\maven\repositary\org\apache\cxf\cxf-rt-ws-addr\3.2.5\cxf-rt-ws-addr-3.2.5.jar;C:\env\maven\repositary\org\apache\cxf\cxf-rt-ws-policy\3.2.5\cxf-rt-ws-policy-3.2.5.jar;C:\env\maven\repositary\org\apache\neethi\neethi\3.1.1\neethi-3.1.1.jar;C:\env\maven\repositary\org\apache\cxf\cxf-rt-transports-http-jetty\3.2.5\cxf-rt-transports-http-jetty-3.2.5.jar;C:\env\maven\repositary\org\eclipse\jetty\jetty-server\9.4.12.v20180830\jetty-server-9.4.12.v20180830.jar;C:\env\maven\repositary\javax\servlet\javax.servlet-api\3.1.0\javax.servlet-api-3.1.0.jar;C:\env\maven\repositary\org\eclipse\jetty\jetty-util\9.4.12.v20180830\jetty-util-9.4.12.v20180830.jar;C:\env\maven\repositary\org\eclipse\jetty\jetty-io\9.4.12.v20180830\jetty-io-9.4.12.v20180830.jar;C:\env\maven\repositary\org\eclipse\jetty\jetty-security\9.4.12.v20180830\jetty-security-9.4.12.v20180830.jar;C:\env\maven\repositary\org\eclipse\jetty\jetty-continuation\9.4.12.v20180830\jetty-continuation-9.4.12.v20180830.jar;C:\env\maven\repositary\org\eclipse\jetty\jetty-http\9.4.12.v20180830\jetty-http-9.4.12.v20180830.jar;C:\env\maven\repositary\org\slf4j\slf4j-api\1.7.25\slf4j-api-1.7.25.jar;I:\Documents\openclassrooms formation\P7\P7-webService-bibliotheque\webService\bibliothequeWS\bibliothequeWS-Business\target\bibliothequeWS-Business-1.0-SNAPSHOT.jar;I:\Documents\openclassrooms formation\P7\P7-webService-bibliotheque\webService\bibliothequeWS\bibliothequeWS-Consumer\target\bibliothequeWS-Consumer-1.0-SNAPSHOT.jar;C:\env\maven\repositary\org\postgresql\postgresql\42.2.5\postgresql-42.2.5.jar;I:\Documents\openclassrooms formation\P7\P7-webService-bibliotheque\webService\bibliothequeWS\bibliothequeWS-Technical\target\bibliothequeWS-Technical-1.0-SNAPSHOT.jar;C:\env\maven\repositary\org\apache\logging\log4j\log4j-core\2.11.1\log4j-core-2.11.1.jar;C:\env\maven\repositary\org\apache\logging\log4j\log4j-api\2.10.0\log4j-api-2.10.0.jar;I:\Documents\openclassrooms formation\P7\P7-webService-bibliotheque\webService\bibliothequeWS\bibliothequeWS-Model\target\bibliothequeWS-Model-1.0-SNAPSHOT.jar;C:\env\maven\repositary\org\springframework\boot\spring-boot-starter-data-jpa\2.0.5.RELEASE\spring-boot-starter-data-jpa-2.0.5.RELEASE.jar;C:\env\maven\repositary\org\springframework\boot\spring-boot-starter-aop\2.0.5.RELEASE\spring-boot-starter-aop-2.0.5.RELEASE.jar;C:\env\maven\repositary\org\aspectj\aspectjweaver\1.8.13\aspectjweaver-1.8.13.jar;C:\env\maven\repositary\org\springframework\boot\spring-boot-starter-jdbc\2.0.5.RELEASE\spring-boot-starter-jdbc-2.0.5.RELEASE.jar;C:\env\maven\repositary\com\zaxxer\HikariCP\2.7.9\HikariCP-2.7.9.jar;C:\env\maven\repositary\org\springframework\spring-jdbc\5.0.9.RELEASE\spring-jdbc-5.0.9.RELEASE.jar;C:\env\maven\repositary\javax\transaction\javax.transaction-api\1.2\javax.transaction-api-1.2.jar;C:\env\maven\repositary\org\hibernate\hibernate-core\5.2.17.Final\hibernate-core-5.2.17.Final.jar;C:\env\maven\repositary\org\hibernate\javax\persistence\hibernate-jpa-2.1-api\1.0.2.Final\hibernate-jpa-2.1-api-1.0.2.Final.jar;C:\env\maven\repositary\org\javassist\javassist\3.22.0-GA\javassist-3.22.0-GA.jar;C:\env\maven\repositary\antlr\antlr\2.7.7\antlr-2.7.7.jar;C:\env\maven\repositary\org\jboss\jandex\2.0.3.Final\jandex-2.0.3.Final.jar;C:\env\maven\repositary\dom4j\dom4j\1.6.1\dom4j-1.6.1.jar;C:\env\maven\repositary\org\hibernate\common\hibernate-commons-annotations\5.0.1.Final\hibernate-commons-annotations-5.0.1.Final.jar;C:\env\maven\repositary\org\springframework\data\spring-data-jpa\2.0.10.RELEASE\spring-data-jpa-2.0.10.RELEASE.jar;C:\env\maven\repositary\org\springframework\data\spring-data-commons\2.0.10.RELEASE\spring-data-commons-2.0.10.RELEASE.jar;C:\env\maven\repositary\org\springframework\spring-orm\5.0.9.RELEASE\spring-orm-5.0.9.RELEASE.jar;C:\env\maven\repositary\org\springframework\spring-tx\5.0.9.RELEASE\spring-tx-5.0.9.RELEASE.jar;C:\env\maven\repositary\org\springframework\spring-aspects\5.0.9.RELEASE\spring-aspects-5.0.9.RELEASE.jar;C:\env\maven\repositary\org\springframework\boot\spring-boot-starter-web-services\2.0.5.RELEASE\spring-boot-starter-web-services-2.0.5.RELEASE.jar;C:\env\maven\repositary\org\springframework\spring-oxm\5.0.9.RELEASE\spring-oxm-5.0.9.RELEASE.jar;C:\env\maven\repositary\org\springframework\spring-beans\5.0.9.RELEASE\spring-beans-5.0.9.RELEASE.jar;C:\env\maven\repositary\org\springframework\ws\spring-ws-core\3.0.3.RELEASE\spring-ws-core-3.0.3.RELEASE.jar;C:\env\maven\repositary\org\springframework\ws\spring-xml\3.0.3.RELEASE\spring-xml-3.0.3.RELEASE.jar;C:\env\maven\repositary\org\springframework\spring-aop\5.0.9.RELEASE\spring-aop-5.0.9.RELEASE.jar;C:\env\maven\repositary\commons-io\commons-io\2.5\commons-io-2.5.jar;"/>
    <property name="sun.cpu.endian" value="little"/>
    <property name="user.home" value="C:\Users\nicolas"/>
    <property name="user.language" value="fr"/>
    <property name="java.specification.vendor" value="Oracle Corporation"/>
    <property name="java.home" value="C:\env\java\jdk1.8.0_161\jre"/>
    <property name="basedir" value="I:\Documents\openclassrooms formation\P7\P7-webService-bibliotheque\webService\bibliothequeWS\bibliothequeWS-AppSpringBoot"/>
    <property name="file.separator" value="\"/>
    <property name="line.separator" value="&#10;"/>
    <property name="java.vm.specification.vendor" value="Oracle Corporation"/>
    <property name="java.specification.name" value="Java Platform API Specification"/>
    <property name="java.awt.graphicsenv" value="sun.awt.Win32GraphicsEnvironment"/>
    <property name="surefire.real.class.path" value="C:\Users\nicolas\AppData\Local\Temp\surefire2677619460534594413\surefirebooter8678026126175240044.jar"/>
    <property name="sun.boot.class.path" value="C:\env\java\jdk1.8.0_161\jre\lib\resources.jar;C:\env\java\jdk1.8.0_161\jre\lib\rt.jar;C:\env\java\jdk1.8.0_161\jre\lib\sunrsasign.jar;C:\env\java\jdk1.8.0_161\jre\lib\jsse.jar;C:\env\java\jdk1.8.0_161\jre\lib\jce.jar;C:\env\java\jdk1.8.0_161\jre\lib\charsets.jar;C:\env\java\jdk1.8.0_161\jre\lib\jfr.jar;C:\env\java\jdk1.8.0_161\jre\classes"/>
    <property name="user.script" value=""/>
    <property name="sun.management.compiler" value="HotSpot 64-Bit Tiered Compilers"/>
    <property name="java.runtime.version" value="1.8.0_161-b12"/>
    <property name="user.name" value="nicolas"/>
    <property name="path.separator" value=";"/>
    <property name="os.version" value="10.0"/>
    <property name="java.endorsed.dirs" value="C:\env\java\jdk1.8.0_161\jre\lib\endorsed"/>
    <property name="java.runtime.name" value="Java(TM) SE Runtime Environment"/>
    <property name="file.encoding" value="Cp1252"/>
    <property name="java.vm.name" value="Java HotSpot(TM) 64-Bit Server VM"/>
    <property name="localRepository" value="C:\env\maven\repositary"/>
    <property name="java.vendor.url.bug" value="http://bugreport.sun.com/bugreport/"/>
    <property name="java.io.tmpdir" value="C:\Users\nicolas\AppData\Local\Temp\"/>
    <property name="java.version" value="1.8.0_161"/>
    <property name="user.dir" value="I:\Documents\openclassrooms formation\P7\P7-webService-bibliotheque\webService\bibliothequeWS\bibliothequeWS-AppSpringBoot"/>
    <property name="os.arch" value="amd64"/>
    <property name="java.vm.specification.name" value="Java Virtual Machine Specification"/>
    <property name="java.awt.printerjob" value="sun.awt.windows.WPrinterJob"/>
    <property name="sun.os.patch.level" value=""/>
    <property name="java.library.path" value="C:\env\java\jdk1.8.0_161\jre\bin;C:\WINDOWS\Sun\Java\bin;C:\WINDOWS\system32;C:\WINDOWS;C:/Program Files/Java/jre1.8.0_144/bin/server;C:/Program Files/Java/jre1.8.0_144/bin;C:/Program Files/Java/jre1.8.0_144/lib/amd64;C:\Program Files (x86)\Common Files\Oracle\Java\javapath;C:\Program Files (x86)\Intel\iCLS Client\;C:\Program Files\Intel\iCLS Client\;C:\WINDOWS\system32;C:\WINDOWS;C:\WINDOWS\System32\Wbem;C:\WINDOWS\System32\WindowsPowerShell\v1.0\;C:\env\maven\apache-maven-3.5.3\bin;C:\Program Files\Microsoft SQL Server\120\Tools\Binn\;C:\Program Files\Microsoft SQL Server\130\Tools\Binn\;C:\Program Files\dotnet\;C:\Program Files (x86)\GtkSharp\2.12\bin;C:\Program Files (x86)\Intel\Intel(R) Management Engine Components\DAL;C:\Program Files\Intel\Intel(R) Management Engine Components\DAL;C:\Program Files (x86)\Intel\Intel(R) Management Engine Components\IPT;C:\Program Files\Intel\Intel(R) Management Engine Components\IPT;C:\Program Files\Git\cmd;C:\Program Files\Java\jre1.8.0_144;C:\Cygwin\bin;C:\env\java\jdk1.8.0_161\bin;C:\ProgramData\Oracle\Java\javapath;C:\env\maven\apache-maven-3.5.3\bin;;C:\WINDOWS\System32\OpenSSH\;C:\Users\nicolas\AppData\Local\Microsoft\WindowsApps;;C:\WINDOWS\system32;;."/>
    <property name="java.vm.info" value="mixed mode"/>
    <property name="java.vendor" value="Oracle Corporation"/>
    <property name="java.vm.version" value="25.161-b12"/>
    <property name="java.ext.dirs" value="C:\env\java\jdk1.8.0_161\jre\lib\ext;C:\WINDOWS\Sun\Java\lib\ext"/>
    <property name="sun.io.unicode.encoding" value="UnicodeLittle"/>
    <property name="java.class.version" value="52.0"/>
  </properties>
  <testcase name="shouldAnswerWithTrue" classname="OC.webService.nicolas.appSpringBoot.AppTest" time="0"/>
</testsuite>